2018-06-12 14:16:43 INFO  Update:39 - *** STARTING UPDATE TEST ***
2018-06-12 14:16:43 INFO  Payload_Converter:15 - *** PAYLOAD CONVERTED TO STRING ***
2018-06-12 14:16:43 INFO  URL:18 - *** FULL URI *** https://reqres.in/api/users/2
2018-06-12 14:16:43 INFO  REST_Calls:34 - *** PUT REQUEST CALL ***
2018-06-12 14:16:46 DEBUG BasicClientConnectionManager:161 - Get connection for route {s}->https://reqres.in:443
2018-06-12 14:16:46 DEBUG DefaultClientConnectionOperator:177 - Connecting to reqres.in:443
2018-06-12 14:16:46 DEBUG RequestAddCookies:123 - CookieSpec selected: ignoreCookies
2018-06-12 14:16:46 DEBUG RequestAuthCache:77 - Auth cache not set in the context
2018-06-12 14:16:46 DEBUG RequestTargetAuthentication:80 - Target auth state: UNCHALLENGED
2018-06-12 14:16:46 DEBUG RequestProxyAuthentication:89 - Proxy auth state: UNCHALLENGED
2018-06-12 14:16:46 DEBUG DefaultHttpClient:682 - Attempt 1 to execute request
2018-06-12 14:16:46 DEBUG DefaultClientConnection:274 - Sending request: PUT /api/users/2 HTTP/1.1
2018-06-12 14:16:46 DEBUG wire:73 -  >> "PUT /api/users/2 HTTP/1.1[\r][\n]"
2018-06-12 14:16:46 DEBUG wire:73 -  >> "Accept: */*[\r][\n]"
2018-06-12 14:16:46 DEBUG wire:73 -  >> "Content-Type: application/json; charset=UTF-8[\r][\n]"
2018-06-12 14:16:46 DEBUG wire:73 -  >> "Content-Length: 57[\r][\n]"
2018-06-12 14:16:46 DEBUG wire:73 -  >> "Host: reqres.in[\r][\n]"
2018-06-12 14:16:46 DEBUG wire:73 -  >> "Connection: Keep-Alive[\r][\n]"
2018-06-12 14:16:46 DEBUG wire:73 -  >> "User-Agent: Apache-HttpClient/4.5.3 (Java/1.8.0_172)[\r][\n]"
2018-06-12 14:16:46 DEBUG wire:73 -  >> "Accept-Encoding: gzip,deflate[\r][\n]"
2018-06-12 14:16:46 DEBUG wire:73 -  >> "[\r][\n]"
2018-06-12 14:16:46 DEBUG headers:278 - >> PUT /api/users/2 HTTP/1.1
2018-06-12 14:16:46 DEBUG headers:281 - >> Accept: */*
2018-06-12 14:16:46 DEBUG headers:281 - >> Content-Type: application/json; charset=UTF-8
2018-06-12 14:16:46 DEBUG headers:281 - >> Content-Length: 57
2018-06-12 14:16:46 DEBUG headers:281 - >> Host: reqres.in
2018-06-12 14:16:46 DEBUG headers:281 - >> Connection: Keep-Alive
2018-06-12 14:16:46 DEBUG headers:281 - >> User-Agent: Apache-HttpClient/4.5.3 (Java/1.8.0_172)
2018-06-12 14:16:46 DEBUG headers:281 - >> Accept-Encoding: gzip,deflate
2018-06-12 14:16:46 DEBUG wire:73 -  >> "{[\r][\n]"
2018-06-12 14:16:46 DEBUG wire:73 -  >> "    "name": "morpheus",[\r][\n]"
2018-06-12 14:16:46 DEBUG wire:73 -  >> "    "job": "zion resident"[\r][\n]"
2018-06-12 14:16:46 DEBUG wire:87 -  >> "}"
2018-06-12 14:16:46 DEBUG wire:73 -  << "HTTP/1.1 200 OK[\r][\n]"
2018-06-12 14:16:46 DEBUG wire:73 -  << "Date: Tue, 12 Jun 2018 11:16:46 GMT[\r][\n]"
2018-06-12 14:16:46 DEBUG wire:73 -  << "Content-Type: application/json; charset=utf-8[\r][\n]"
2018-06-12 14:16:46 DEBUG wire:73 -  << "Transfer-Encoding: chunked[\r][\n]"
2018-06-12 14:16:46 DEBUG wire:73 -  << "Connection: keep-alive[\r][\n]"
2018-06-12 14:16:46 DEBUG wire:73 -  << "Set-Cookie: __cfduid=dc9ff8081d5ed89221b4b6ab26973ebe31528802206; expires=Wed, 12-Jun-19 11:16:46 GMT; path=/; domain=.reqres.in; HttpOnly[\r][\n]"
2018-06-12 14:16:46 DEBUG wire:73 -  << "X-Powered-By: Express[\r][\n]"
2018-06-12 14:16:46 DEBUG wire:73 -  << "Access-Control-Allow-Origin: *[\r][\n]"
2018-06-12 14:16:46 DEBUG wire:73 -  << "ETag: W/"50-gf2SdDwPNqpx3BjYwed6nOy0UwI"[\r][\n]"
2018-06-12 14:16:46 DEBUG wire:73 -  << "Expect-CT: max-age=604800, report-uri="https://report-uri.cloudflare.com/cdn-cgi/beacon/expect-ct"[\r][\n]"
2018-06-12 14:16:46 DEBUG wire:73 -  << "Server: cloudflare[\r][\n]"
2018-06-12 14:16:46 DEBUG wire:73 -  << "CF-RAY: 429be83efe0c5b15-HEL[\r][\n]"
2018-06-12 14:16:46 DEBUG wire:73 -  << "Content-Encoding: gzip[\r][\n]"
2018-06-12 14:16:46 DEBUG wire:73 -  << "[\r][\n]"
2018-06-12 14:16:46 DEBUG DefaultClientConnection:259 - Receiving response: HTTP/1.1 200 OK
2018-06-12 14:16:46 DEBUG headers:262 - << HTTP/1.1 200 OK
2018-06-12 14:16:46 DEBUG headers:265 - << Date: Tue, 12 Jun 2018 11:16:46 GMT
2018-06-12 14:16:46 DEBUG headers:265 - << Content-Type: application/json; charset=utf-8
2018-06-12 14:16:46 DEBUG headers:265 - << Transfer-Encoding: chunked
2018-06-12 14:16:46 DEBUG headers:265 - << Connection: keep-alive
2018-06-12 14:16:46 DEBUG headers:265 - << Set-Cookie: __cfduid=dc9ff8081d5ed89221b4b6ab26973ebe31528802206; expires=Wed, 12-Jun-19 11:16:46 GMT; path=/; domain=.reqres.in; HttpOnly
2018-06-12 14:16:46 DEBUG headers:265 - << X-Powered-By: Express
2018-06-12 14:16:46 DEBUG headers:265 - << Access-Control-Allow-Origin: *
2018-06-12 14:16:46 DEBUG headers:265 - << ETag: W/"50-gf2SdDwPNqpx3BjYwed6nOy0UwI"
2018-06-12 14:16:46 DEBUG headers:265 - << Expect-CT: max-age=604800, report-uri="https://report-uri.cloudflare.com/cdn-cgi/beacon/expect-ct"
2018-06-12 14:16:46 DEBUG headers:265 - << Server: cloudflare
2018-06-12 14:16:46 DEBUG headers:265 - << CF-RAY: 429be83efe0c5b15-HEL
2018-06-12 14:16:46 DEBUG headers:265 - << Content-Encoding: gzip
2018-06-12 14:16:46 DEBUG DefaultHttpClient:509 - Connection can be kept alive indefinitely
2018-06-12 14:16:46 DEBUG RequestSpecificationImpl$RestAssuredHttpBuilder:544 - Parsing response as: application/json; charset=utf-8
2018-06-12 14:16:46 DEBUG wire:73 -  << "5f[\r][\n]"
2018-06-12 14:16:46 DEBUG wire:73 -  << "[0x1f][0x8b][0x8][0x0][0x0][0x0][0x0][0x0][0x0][0x3][0x4][0xc1]A[\n]"
2018-06-12 14:16:46 DEBUG wire:73 -  << "[0x80] [0x10][0x5][0xd0][0xab][0xc4]_k4"[0x16][0xb3][0xeb][0xe][0xad][0xda][0x15][0xe]d[0xa0][0x86][0xda][0xa6][0xe8][0xee][0xbd][0xf7]"mQ[0xc0][0x88][0xb9]\[0x87][0xdc][0x15][\n]"
2018-06-12 14:16:46 DEBUG wire:87 -  << "g[0xde][0xc1]xBN][0x91][0x1a][0xbc][0xa4][0x6][0x85][0xfb][0xf2][[0x13]?70[0xcc]@[0x93][0x1e][0x9c]&[0xb3][0x10]1[0x8d]lm[0xef][0x8c]][0xf1][0xfd][0x0][0x0][0x0][0xff][0xff]"
2018-06-12 14:16:46 DEBUG wire:73 -  << "[\r][\n]"
2018-06-12 14:16:46 DEBUG wire:73 -  << "a[\r][\n]"
2018-06-12 14:16:46 DEBUG wire:87 -  << "[0x3][0x0][0xf6][0xf2][0x96][0xe8]P[0x0][0x0][0x0]"
2018-06-12 14:16:46 DEBUG wire:73 -  << "[\r][\n]"
2018-06-12 14:16:46 DEBUG wire:73 -  << "0[\r][\n]"
2018-06-12 14:16:46 DEBUG wire:73 -  << "[\r][\n]"
2018-06-12 14:16:46 DEBUG RequestSpecificationImpl$RestAssuredHttpBuilder:547 - Parsed data to instance of: class org.apache.http.conn.EofSensorInputStream
2018-06-12 14:16:46 DEBUG REST_Calls:38 - io.restassured.internal.RequestSpecificationImpl@411341bd
2018-06-12 14:16:46 DEBUG BasicClientConnectionManager:200 - Releasing connection org.apache.http.impl.conn.ManagedClientConnectionImpl@72efb5c1
2018-06-12 14:16:46 DEBUG BasicClientConnectionManager:225 - Connection can be kept alive indefinitely
2018-06-12 14:16:46 INFO  Update:46 - *** RESPONSE *** {"name":"morpheus","job":"zion resident","updatedAt":"2018-06-12T11:17:44.624Z"}
2018-06-12 14:16:46 INFO  Test_Utils:15 - *** RESPONSE PARSED TO STRING ***
2018-06-12 14:16:46 DEBUG Test_Utils:17 - *** RESPONSE ***{"name":"morpheus","job":"zion resident","updatedAt":"2018-06-12T11:17:44.624Z"}
2018-06-12 14:16:46 INFO  Update:43 - *** SAVING RESPONSE ***
2018-06-12 14:16:46 INFO  Test_Utils:36 - *** GETTING RESPONSE STATUS CODE ***
2018-06-12 14:16:46 INFO  Test_Utils:38 - *** RESPONSE STATUS CODE *** 200
2018-06-12 14:16:46 INFO  Update:15 - *** FIELD ASSERTED *** name.value
2018-06-12 14:16:47 INFO  Update:15 - *** FIELD ASSERTED *** job.value
2018-06-12 14:16:47 DEBUG cache:45 - Couldn't find template in cache for "Extent.ftl"("en_US", UTF-8, parsed); will try to load it.
2018-06-12 14:16:47 DEBUG cache:45 - TemplateLoader.findTemplateSource("Extent_en_US.ftl"): Not found
2018-06-12 14:16:47 DEBUG cache:45 - TemplateLoader.findTemplateSource("Extent_en.ftl"): Not found
2018-06-12 14:16:47 DEBUG cache:45 - TemplateLoader.findTemplateSource("Extent.ftl"): Found
2018-06-12 14:16:47 DEBUG cache:45 - Loading template for "Extent.ftl"("en_US", UTF-8, parsed) from "jar:file:/C:/Users/petri.ryynanen/.m2/repository/com/relevantcodes/extentreports/2.41.2/extentreports-2.41.2.jar!/com/relevantcodes/extentreports/view/Extent.ftl"
2018-06-12 14:20:58 INFO  List_Users_Test:36 - *** STARTING LIST USERS TEST ***
2018-06-12 14:20:58 INFO  REST_Calls:16 - *** GET REQUEST CALL***
2018-06-12 14:21:00 DEBUG BasicClientConnectionManager:161 - Get connection for route {s}->https://reqres.in:443
2018-06-12 14:21:00 DEBUG DefaultClientConnectionOperator:177 - Connecting to reqres.in:443
2018-06-12 14:21:00 DEBUG RequestAddCookies:123 - CookieSpec selected: ignoreCookies
2018-06-12 14:21:00 DEBUG RequestAuthCache:77 - Auth cache not set in the context
2018-06-12 14:21:00 DEBUG RequestTargetAuthentication:80 - Target auth state: UNCHALLENGED
2018-06-12 14:21:00 DEBUG RequestProxyAuthentication:89 - Proxy auth state: UNCHALLENGED
2018-06-12 14:21:00 DEBUG DefaultHttpClient:682 - Attempt 1 to execute request
2018-06-12 14:21:00 DEBUG DefaultClientConnection:274 - Sending request: GET /api/users?page=2 HTTP/1.1
2018-06-12 14:21:00 DEBUG wire:73 -  >> "GET /api/users?page=2 HTTP/1.1[\r][\n]"
2018-06-12 14:21:00 DEBUG wire:73 -  >> "Content-Type: application/json; charset=UTF-8[\r][\n]"
2018-06-12 14:21:00 DEBUG wire:73 -  >> "Accept: */*[\r][\n]"
2018-06-12 14:21:00 DEBUG wire:73 -  >> "Host: reqres.in[\r][\n]"
2018-06-12 14:21:00 DEBUG wire:73 -  >> "Connection: Keep-Alive[\r][\n]"
2018-06-12 14:21:00 DEBUG wire:73 -  >> "User-Agent: Apache-HttpClient/4.5.3 (Java/1.8.0_172)[\r][\n]"
2018-06-12 14:21:00 DEBUG wire:73 -  >> "Accept-Encoding: gzip,deflate[\r][\n]"
2018-06-12 14:21:00 DEBUG wire:73 -  >> "[\r][\n]"
2018-06-12 14:21:00 DEBUG headers:278 - >> GET /api/users?page=2 HTTP/1.1
2018-06-12 14:21:00 DEBUG headers:281 - >> Content-Type: application/json; charset=UTF-8
2018-06-12 14:21:00 DEBUG headers:281 - >> Accept: */*
2018-06-12 14:21:00 DEBUG headers:281 - >> Host: reqres.in
2018-06-12 14:21:00 DEBUG headers:281 - >> Connection: Keep-Alive
2018-06-12 14:21:00 DEBUG headers:281 - >> User-Agent: Apache-HttpClient/4.5.3 (Java/1.8.0_172)
2018-06-12 14:21:00 DEBUG headers:281 - >> Accept-Encoding: gzip,deflate
2018-06-12 14:21:01 DEBUG wire:73 -  << "HTTP/1.1 200 OK[\r][\n]"
2018-06-12 14:21:01 DEBUG wire:73 -  << "Date: Tue, 12 Jun 2018 11:21:01 GMT[\r][\n]"
2018-06-12 14:21:01 DEBUG wire:73 -  << "Content-Type: application/json; charset=utf-8[\r][\n]"
2018-06-12 14:21:01 DEBUG wire:73 -  << "Transfer-Encoding: chunked[\r][\n]"
2018-06-12 14:21:01 DEBUG wire:73 -  << "Connection: keep-alive[\r][\n]"
2018-06-12 14:21:01 DEBUG wire:73 -  << "Set-Cookie: __cfduid=dc862014a378718be8e7675a9c525b7bc1528802461; expires=Wed, 12-Jun-19 11:21:01 GMT; path=/; domain=.reqres.in; HttpOnly[\r][\n]"
2018-06-12 14:21:01 DEBUG wire:73 -  << "X-Powered-By: Express[\r][\n]"
2018-06-12 14:21:01 DEBUG wire:73 -  << "Access-Control-Allow-Origin: *[\r][\n]"
2018-06-12 14:21:01 DEBUG wire:73 -  << "ETag: W/"1bb-wM9a6JWbwt3JpLNfwoQwxnqaC3Y"[\r][\n]"
2018-06-12 14:21:01 DEBUG wire:73 -  << "Expect-CT: max-age=604800, report-uri="https://report-uri.cloudflare.com/cdn-cgi/beacon/expect-ct"[\r][\n]"
2018-06-12 14:21:01 DEBUG wire:73 -  << "Server: cloudflare[\r][\n]"
2018-06-12 14:21:01 DEBUG wire:73 -  << "CF-RAY: 429bee754f965b03-HEL[\r][\n]"
2018-06-12 14:21:01 DEBUG wire:73 -  << "Content-Encoding: gzip[\r][\n]"
2018-06-12 14:21:01 DEBUG wire:73 -  << "[\r][\n]"
2018-06-12 14:21:01 DEBUG DefaultClientConnection:259 - Receiving response: HTTP/1.1 200 OK
2018-06-12 14:21:01 DEBUG headers:262 - << HTTP/1.1 200 OK
2018-06-12 14:21:01 DEBUG headers:265 - << Date: Tue, 12 Jun 2018 11:21:01 GMT
2018-06-12 14:21:01 DEBUG headers:265 - << Content-Type: application/json; charset=utf-8
2018-06-12 14:21:01 DEBUG headers:265 - << Transfer-Encoding: chunked
2018-06-12 14:21:01 DEBUG headers:265 - << Connection: keep-alive
2018-06-12 14:21:01 DEBUG headers:265 - << Set-Cookie: __cfduid=dc862014a378718be8e7675a9c525b7bc1528802461; expires=Wed, 12-Jun-19 11:21:01 GMT; path=/; domain=.reqres.in; HttpOnly
2018-06-12 14:21:01 DEBUG headers:265 - << X-Powered-By: Express
2018-06-12 14:21:01 DEBUG headers:265 - << Access-Control-Allow-Origin: *
2018-06-12 14:21:01 DEBUG headers:265 - << ETag: W/"1bb-wM9a6JWbwt3JpLNfwoQwxnqaC3Y"
2018-06-12 14:21:01 DEBUG headers:265 - << Expect-CT: max-age=604800, report-uri="https://report-uri.cloudflare.com/cdn-cgi/beacon/expect-ct"
2018-06-12 14:21:01 DEBUG headers:265 - << Server: cloudflare
2018-06-12 14:21:01 DEBUG headers:265 - << CF-RAY: 429bee754f965b03-HEL
2018-06-12 14:21:01 DEBUG headers:265 - << Content-Encoding: gzip
2018-06-12 14:21:01 DEBUG DefaultHttpClient:509 - Connection can be kept alive indefinitely
2018-06-12 14:21:01 DEBUG RequestSpecificationImpl$RestAssuredHttpBuilder:544 - Parsing response as: application/json; charset=utf-8
2018-06-12 14:21:01 DEBUG wire:73 -  << "dd[\r][\n]"
2018-06-12 14:21:01 DEBUG wire:73 -  << "[0x1f][0x8b][0x8][0x0][0x0][0x0][0x0][0x0][0x0][0x3][0xa4][0xce]OK[0x3]A[0xc][0x5][0xf0][0xef][0x92][0xf3][0xb0]C[0xb7]*2W[0x11][0xbc]x[0x11]o"[0xe5]9MwGv[0xfe][0x90][0xc4][0x16]-[0xfd][0xee]BW([0xac][0xc7]^B^rx[0xbf]#5[0xc]L[0xa1]w[0xd4]X6sX;[0xb2]j[0x98]([0xac][0xfa][0xbf][0xf5][0xfc]Q[\n]"
2018-06-12 14:21:01 DEBUG wire:87 -  << "7[0x8e][0xb6]0Px;R[0xda][0x9e][0xf3].[0x89][0xda][0xa6] 3[0x5]z[0xdc]39[0x9a]p[0xb9]<[0xd5][0xc9][0xc8][0x11][0xf6]0[0x8][0x5][0x1a][0xcd][0x9a][0x6][0xef]u[0xdd]![0xe3][0xa7][0x16][0x1c][0xb4][0x8b]5[0xfb][0xaf][0xb4]Cd[0xf5][0xf3][0xb4]C2c[0xf1][0x19][0x12][0xab] 'a[0xf5][0xab][0xfe][0xbe][0xfb]l[0x3][0x9d][0xdc][0xdc]~[0xbb]h[0x18]![0x13][0xeb]B[0xf0]\E[0x92]^aP[0xe3]6r[0xc9][0xb5][0x96][0x84][0xbb][0x5][0xe1]U[0x10][0xf9]{!xA[0xae][0xd7][0x0]>[0xd2][0x90]Q[0xe2]X/[0xf5][0xef][0xa7]_[0x0][0x0][0x0][0xff][0xff][0x3][0x0]>[0xae]~<[0xbb][0x1][0x0][0x0]"
2018-06-12 14:21:01 DEBUG wire:73 -  << "[\r][\n]"
2018-06-12 14:21:01 DEBUG wire:73 -  << "0[\r][\n]"
2018-06-12 14:21:01 DEBUG wire:73 -  << "[\r][\n]"
2018-06-12 14:21:01 DEBUG RequestSpecificationImpl$RestAssuredHttpBuilder:547 - Parsed data to instance of: class org.apache.http.conn.EofSensorInputStream
2018-06-12 14:21:01 DEBUG REST_Calls:20 - io.restassured.internal.RequestSpecificationImpl@2d72f75e
2018-06-12 14:21:01 DEBUG BasicClientConnectionManager:200 - Releasing connection org.apache.http.impl.conn.ManagedClientConnectionImpl@324c64cd
2018-06-12 14:21:01 DEBUG BasicClientConnectionManager:225 - Connection can be kept alive indefinitely
2018-06-12 14:21:01 INFO  List_Users_Test:39 - *** RESPONSE *** {"page":2,"per_page":3,"total":12,"total_pages":4,"data":[{"id":4,"first_name":"Eve","last_name":"Holt","avatar":"https://s3.amazonaws.com/uifaces/faces/twitter/marcoramires/128.jpg"},{"id":5,"first_name":"Charles","last_name":"Morris","avatar":"https://s3.amazonaws.com/uifaces/faces/twitter/stephenmoon/128.jpg"},{"id":6,"first_name":"Tracey","last_name":"Ramos","avatar":"https://s3.amazonaws.com/uifaces/faces/twitter/bigmancho/128.jpg"}]}
2018-06-12 14:21:01 INFO  Test_Utils:15 - *** RESPONSE PARSED TO STRING ***
2018-06-12 14:21:01 DEBUG Test_Utils:17 - *** RESPONSE ***{"page":2,"per_page":3,"total":12,"total_pages":4,"data":[{"id":4,"first_name":"Eve","last_name":"Holt","avatar":"https://s3.amazonaws.com/uifaces/faces/twitter/marcoramires/128.jpg"},{"id":5,"first_name":"Charles","last_name":"Morris","avatar":"https://s3.amazonaws.com/uifaces/faces/twitter/stephenmoon/128.jpg"},{"id":6,"first_name":"Tracey","last_name":"Ramos","avatar":"https://s3.amazonaws.com/uifaces/faces/twitter/bigmancho/128.jpg"}]}
2018-06-12 14:21:01 INFO  Update:43 - *** SAVING RESPONSE ***
2018-06-12 14:21:01 INFO  Test_Utils:36 - *** GETTING RESPONSE STATUS CODE ***
2018-06-12 14:21:01 INFO  Test_Utils:38 - *** RESPONSE STATUS CODE *** 200
2018-06-12 14:21:01 INFO  Update:25 - *** RESPONSE FILE READ ***
2018-06-12 14:21:01 INFO  Update:32 - *** EXPECTED FILE READ ***
2018-06-12 14:21:01 INFO  Update:25 - *** RESPONSE FILE READ ***
2018-06-12 14:21:01 INFO  Update:32 - *** EXPECTED FILE READ ***
2018-06-12 14:21:01 INFO  Update:21 - *** RESPONSE ASSERTED ***
2018-06-12 14:21:01 DEBUG cache:45 - Couldn't find template in cache for "Extent.ftl"("en_US", UTF-8, parsed); will try to load it.
2018-06-12 14:21:01 DEBUG cache:45 - TemplateLoader.findTemplateSource("Extent_en_US.ftl"): Not found
2018-06-12 14:21:01 DEBUG cache:45 - TemplateLoader.findTemplateSource("Extent_en.ftl"): Not found
2018-06-12 14:21:01 DEBUG cache:45 - TemplateLoader.findTemplateSource("Extent.ftl"): Found
2018-06-12 14:21:01 DEBUG cache:45 - Loading template for "Extent.ftl"("en_US", UTF-8, parsed) from "jar:file:/C:/Users/petri.ryynanen/.m2/repository/com/relevantcodes/extentreports/2.41.2/extentreports-2.41.2.jar!/com/relevantcodes/extentreports/view/Extent.ftl"
2018-06-12 14:21:07 INFO  Register_Test:38 - *** STARTING REGISTER TEST ***
2018-06-12 14:21:07 INFO  Payload_Converter:15 - *** PAYLOAD CONVERTED TO STRING ***
2018-06-12 14:21:07 INFO  URL:18 - *** FULL URI *** https://reqres.in/api/register
2018-06-12 14:21:07 INFO  REST_Calls:25 - *** POST REQUEST CALL ***
2018-06-12 14:21:10 DEBUG BasicClientConnectionManager:161 - Get connection for route {s}->https://reqres.in:443
2018-06-12 14:21:10 DEBUG DefaultClientConnectionOperator:177 - Connecting to reqres.in:443
2018-06-12 14:21:10 DEBUG RequestAddCookies:123 - CookieSpec selected: ignoreCookies
2018-06-12 14:21:10 DEBUG RequestAuthCache:77 - Auth cache not set in the context
2018-06-12 14:21:10 DEBUG RequestTargetAuthentication:80 - Target auth state: UNCHALLENGED
2018-06-12 14:21:10 DEBUG RequestProxyAuthentication:89 - Proxy auth state: UNCHALLENGED
2018-06-12 14:21:10 DEBUG DefaultHttpClient:682 - Attempt 1 to execute request
2018-06-12 14:21:10 DEBUG DefaultClientConnection:274 - Sending request: POST /api/register HTTP/1.1
2018-06-12 14:21:10 DEBUG wire:73 -  >> "POST /api/register HTTP/1.1[\r][\n]"
2018-06-12 14:21:10 DEBUG wire:73 -  >> "Accept: */*[\r][\n]"
2018-06-12 14:21:10 DEBUG wire:73 -  >> "Content-Type: application/json; charset=UTF-8[\r][\n]"
2018-06-12 14:21:10 DEBUG wire:73 -  >> "Content-Length: 59[\r][\n]"
2018-06-12 14:21:10 DEBUG wire:73 -  >> "Host: reqres.in[\r][\n]"
2018-06-12 14:21:10 DEBUG wire:73 -  >> "Connection: Keep-Alive[\r][\n]"
2018-06-12 14:21:10 DEBUG wire:73 -  >> "User-Agent: Apache-HttpClient/4.5.3 (Java/1.8.0_172)[\r][\n]"
2018-06-12 14:21:10 DEBUG wire:73 -  >> "Accept-Encoding: gzip,deflate[\r][\n]"
2018-06-12 14:21:10 DEBUG wire:73 -  >> "[\r][\n]"
2018-06-12 14:21:10 DEBUG headers:278 - >> POST /api/register HTTP/1.1
2018-06-12 14:21:10 DEBUG headers:281 - >> Accept: */*
2018-06-12 14:21:10 DEBUG headers:281 - >> Content-Type: application/json; charset=UTF-8
2018-06-12 14:21:10 DEBUG headers:281 - >> Content-Length: 59
2018-06-12 14:21:10 DEBUG headers:281 - >> Host: reqres.in
2018-06-12 14:21:10 DEBUG headers:281 - >> Connection: Keep-Alive
2018-06-12 14:21:10 DEBUG headers:281 - >> User-Agent: Apache-HttpClient/4.5.3 (Java/1.8.0_172)
2018-06-12 14:21:10 DEBUG headers:281 - >> Accept-Encoding: gzip,deflate
2018-06-12 14:21:10 DEBUG wire:73 -  >> "{[\r][\n]"
2018-06-12 14:21:10 DEBUG wire:73 -  >> "    "email": "sydney@fife",[\r][\n]"
2018-06-12 14:21:10 DEBUG wire:73 -  >> "    "password": "pistol"[\r][\n]"
2018-06-12 14:21:10 DEBUG wire:87 -  >> "}"
2018-06-12 14:21:10 DEBUG wire:73 -  << "HTTP/1.1 201 Created[\r][\n]"
2018-06-12 14:21:10 DEBUG wire:73 -  << "Date: Tue, 12 Jun 2018 11:21:10 GMT[\r][\n]"
2018-06-12 14:21:10 DEBUG wire:73 -  << "Content-Type: application/json; charset=utf-8[\r][\n]"
2018-06-12 14:21:10 DEBUG wire:73 -  << "Content-Length: 28[\r][\n]"
2018-06-12 14:21:10 DEBUG wire:73 -  << "Connection: keep-alive[\r][\n]"
2018-06-12 14:21:10 DEBUG wire:73 -  << "Set-Cookie: __cfduid=d13597245f0188d9425060a4e884137c31528802470; expires=Wed, 12-Jun-19 11:21:10 GMT; path=/; domain=.reqres.in; HttpOnly[\r][\n]"
2018-06-12 14:21:10 DEBUG wire:73 -  << "X-Powered-By: Express[\r][\n]"
2018-06-12 14:21:10 DEBUG wire:73 -  << "Access-Control-Allow-Origin: *[\r][\n]"
2018-06-12 14:21:10 DEBUG wire:73 -  << "ETag: W/"1c-Qhb23J5gzWLVsuoGOIKOSkfy7a0"[\r][\n]"
2018-06-12 14:21:10 DEBUG wire:73 -  << "Expect-CT: max-age=604800, report-uri="https://report-uri.cloudflare.com/cdn-cgi/beacon/expect-ct"[\r][\n]"
2018-06-12 14:21:10 DEBUG wire:73 -  << "Server: cloudflare[\r][\n]"
2018-06-12 14:21:10 DEBUG wire:73 -  << "CF-RAY: 429beeb0da295b0f-HEL[\r][\n]"
2018-06-12 14:21:10 DEBUG wire:73 -  << "[\r][\n]"
2018-06-12 14:21:10 DEBUG DefaultClientConnection:259 - Receiving response: HTTP/1.1 201 Created
2018-06-12 14:21:10 DEBUG headers:262 - << HTTP/1.1 201 Created
2018-06-12 14:21:10 DEBUG headers:265 - << Date: Tue, 12 Jun 2018 11:21:10 GMT
2018-06-12 14:21:10 DEBUG headers:265 - << Content-Type: application/json; charset=utf-8
2018-06-12 14:21:10 DEBUG headers:265 - << Content-Length: 28
2018-06-12 14:21:10 DEBUG headers:265 - << Connection: keep-alive
2018-06-12 14:21:10 DEBUG headers:265 - << Set-Cookie: __cfduid=d13597245f0188d9425060a4e884137c31528802470; expires=Wed, 12-Jun-19 11:21:10 GMT; path=/; domain=.reqres.in; HttpOnly
2018-06-12 14:21:10 DEBUG headers:265 - << X-Powered-By: Express
2018-06-12 14:21:10 DEBUG headers:265 - << Access-Control-Allow-Origin: *
2018-06-12 14:21:10 DEBUG headers:265 - << ETag: W/"1c-Qhb23J5gzWLVsuoGOIKOSkfy7a0"
2018-06-12 14:21:10 DEBUG headers:265 - << Expect-CT: max-age=604800, report-uri="https://report-uri.cloudflare.com/cdn-cgi/beacon/expect-ct"
2018-06-12 14:21:10 DEBUG headers:265 - << Server: cloudflare
2018-06-12 14:21:10 DEBUG headers:265 - << CF-RAY: 429beeb0da295b0f-HEL
2018-06-12 14:21:10 DEBUG DefaultHttpClient:509 - Connection can be kept alive indefinitely
2018-06-12 14:21:10 DEBUG RequestSpecificationImpl$RestAssuredHttpBuilder:544 - Parsing response as: application/json; charset=utf-8
2018-06-12 14:21:10 DEBUG RequestSpecificationImpl$RestAssuredHttpBuilder:547 - Parsed data to instance of: class org.apache.http.conn.EofSensorInputStream
2018-06-12 14:21:10 DEBUG REST_Calls:29 - io.restassured.internal.RequestSpecificationImpl@71a9b4c7
2018-06-12 14:21:10 DEBUG wire:87 -  << "{"token":"QpwL5tke4Pnpja7X"}"
2018-06-12 14:21:10 DEBUG BasicClientConnectionManager:200 - Releasing connection org.apache.http.impl.conn.ManagedClientConnectionImpl@3a0807b7
2018-06-12 14:21:10 DEBUG BasicClientConnectionManager:225 - Connection can be kept alive indefinitely
2018-06-12 14:21:10 INFO  Register_Test:44 - *** RESPONSE *** {"token":"QpwL5tke4Pnpja7X"}
2018-06-12 14:21:10 INFO  Test_Utils:15 - *** RESPONSE PARSED TO STRING ***
2018-06-12 14:21:10 DEBUG Test_Utils:17 - *** RESPONSE ***{"token":"QpwL5tke4Pnpja7X"}
2018-06-12 14:21:10 INFO  Update:43 - *** SAVING RESPONSE ***
2018-06-12 14:21:10 INFO  Test_Utils:36 - *** GETTING RESPONSE STATUS CODE ***
2018-06-12 14:21:10 INFO  Test_Utils:38 - *** RESPONSE STATUS CODE *** 201
2018-06-12 14:21:10 INFO  Update:25 - *** RESPONSE FILE READ ***
2018-06-12 14:21:10 INFO  Update:32 - *** EXPECTED FILE READ ***
2018-06-12 14:21:10 INFO  Update:25 - *** RESPONSE FILE READ ***
2018-06-12 14:21:10 INFO  Update:32 - *** EXPECTED FILE READ ***
2018-06-12 14:21:10 INFO  Update:21 - *** RESPONSE ASSERTED ***
2018-06-12 14:21:10 DEBUG cache:45 - Couldn't find template in cache for "Extent.ftl"("en_US", UTF-8, parsed); will try to load it.
2018-06-12 14:21:10 DEBUG cache:45 - TemplateLoader.findTemplateSource("Extent_en_US.ftl"): Not found
2018-06-12 14:21:10 DEBUG cache:45 - TemplateLoader.findTemplateSource("Extent_en.ftl"): Not found
2018-06-12 14:21:10 DEBUG cache:45 - TemplateLoader.findTemplateSource("Extent.ftl"): Found
2018-06-12 14:21:10 DEBUG cache:45 - Loading template for "Extent.ftl"("en_US", UTF-8, parsed) from "jar:file:/C:/Users/petri.ryynanen/.m2/repository/com/relevantcodes/extentreports/2.41.2/extentreports-2.41.2.jar!/com/relevantcodes/extentreports/view/Extent.ftl"
2018-06-12 14:21:16 INFO  Update:39 - *** STARTING UPDATE TEST ***
2018-06-12 14:21:16 INFO  Payload_Converter:15 - *** PAYLOAD CONVERTED TO STRING ***
2018-06-12 14:21:16 INFO  URL:18 - *** FULL URI *** https://reqres.in/api/users/2
2018-06-12 14:21:16 INFO  REST_Calls:34 - *** PUT REQUEST CALL ***
2018-06-12 14:21:18 DEBUG BasicClientConnectionManager:161 - Get connection for route {s}->https://reqres.in:443
2018-06-12 14:21:18 DEBUG DefaultClientConnectionOperator:177 - Connecting to reqres.in:443
2018-06-12 14:21:18 DEBUG RequestAddCookies:123 - CookieSpec selected: ignoreCookies
2018-06-12 14:21:18 DEBUG RequestAuthCache:77 - Auth cache not set in the context
2018-06-12 14:21:18 DEBUG RequestTargetAuthentication:80 - Target auth state: UNCHALLENGED
2018-06-12 14:21:18 DEBUG RequestProxyAuthentication:89 - Proxy auth state: UNCHALLENGED
2018-06-12 14:21:18 DEBUG DefaultHttpClient:682 - Attempt 1 to execute request
2018-06-12 14:21:18 DEBUG DefaultClientConnection:274 - Sending request: PUT /api/users/2 HTTP/1.1
2018-06-12 14:21:18 DEBUG wire:73 -  >> "PUT /api/users/2 HTTP/1.1[\r][\n]"
2018-06-12 14:21:18 DEBUG wire:73 -  >> "Accept: */*[\r][\n]"
2018-06-12 14:21:18 DEBUG wire:73 -  >> "Content-Type: application/json; charset=UTF-8[\r][\n]"
2018-06-12 14:21:18 DEBUG wire:73 -  >> "Content-Length: 57[\r][\n]"
2018-06-12 14:21:18 DEBUG wire:73 -  >> "Host: reqres.in[\r][\n]"
2018-06-12 14:21:18 DEBUG wire:73 -  >> "Connection: Keep-Alive[\r][\n]"
2018-06-12 14:21:18 DEBUG wire:73 -  >> "User-Agent: Apache-HttpClient/4.5.3 (Java/1.8.0_172)[\r][\n]"
2018-06-12 14:21:18 DEBUG wire:73 -  >> "Accept-Encoding: gzip,deflate[\r][\n]"
2018-06-12 14:21:18 DEBUG wire:73 -  >> "[\r][\n]"
2018-06-12 14:21:18 DEBUG headers:278 - >> PUT /api/users/2 HTTP/1.1
2018-06-12 14:21:18 DEBUG headers:281 - >> Accept: */*
2018-06-12 14:21:18 DEBUG headers:281 - >> Content-Type: application/json; charset=UTF-8
2018-06-12 14:21:18 DEBUG headers:281 - >> Content-Length: 57
2018-06-12 14:21:18 DEBUG headers:281 - >> Host: reqres.in
2018-06-12 14:21:18 DEBUG headers:281 - >> Connection: Keep-Alive
2018-06-12 14:21:18 DEBUG headers:281 - >> User-Agent: Apache-HttpClient/4.5.3 (Java/1.8.0_172)
2018-06-12 14:21:18 DEBUG headers:281 - >> Accept-Encoding: gzip,deflate
2018-06-12 14:21:18 DEBUG wire:73 -  >> "{[\r][\n]"
2018-06-12 14:21:18 DEBUG wire:73 -  >> "    "name": "morpheus",[\r][\n]"
2018-06-12 14:21:18 DEBUG wire:73 -  >> "    "job": "zion resident"[\r][\n]"
2018-06-12 14:21:18 DEBUG wire:87 -  >> "}"
2018-06-12 14:21:19 DEBUG wire:73 -  << "HTTP/1.1 200 OK[\r][\n]"
2018-06-12 14:21:19 DEBUG wire:73 -  << "Date: Tue, 12 Jun 2018 11:21:19 GMT[\r][\n]"
2018-06-12 14:21:19 DEBUG wire:73 -  << "Content-Type: application/json; charset=utf-8[\r][\n]"
2018-06-12 14:21:19 DEBUG wire:73 -  << "Transfer-Encoding: chunked[\r][\n]"
2018-06-12 14:21:19 DEBUG wire:73 -  << "Connection: keep-alive[\r][\n]"
2018-06-12 14:21:19 DEBUG wire:73 -  << "Set-Cookie: __cfduid=d5a74157d28f095b4b238f2801e4a8f7d1528802478; expires=Wed, 12-Jun-19 11:21:18 GMT; path=/; domain=.reqres.in; HttpOnly[\r][\n]"
2018-06-12 14:21:19 DEBUG wire:73 -  << "X-Powered-By: Express[\r][\n]"
2018-06-12 14:21:19 DEBUG wire:73 -  << "Access-Control-Allow-Origin: *[\r][\n]"
2018-06-12 14:21:19 DEBUG wire:73 -  << "ETag: W/"50-xvucy8mXOrxsnlepQ12gWbYCbxc"[\r][\n]"
2018-06-12 14:21:19 DEBUG wire:73 -  << "Expect-CT: max-age=604800, report-uri="https://report-uri.cloudflare.com/cdn-cgi/beacon/expect-ct"[\r][\n]"
2018-06-12 14:21:19 DEBUG wire:73 -  << "Server: cloudflare[\r][\n]"
2018-06-12 14:21:19 DEBUG wire:73 -  << "CF-RAY: 429beee58e005b7b-HEL[\r][\n]"
2018-06-12 14:21:19 DEBUG wire:73 -  << "Content-Encoding: gzip[\r][\n]"
2018-06-12 14:21:19 DEBUG wire:73 -  << "[\r][\n]"
2018-06-12 14:21:19 DEBUG DefaultClientConnection:259 - Receiving response: HTTP/1.1 200 OK
2018-06-12 14:21:19 DEBUG headers:262 - << HTTP/1.1 200 OK
2018-06-12 14:21:19 DEBUG headers:265 - << Date: Tue, 12 Jun 2018 11:21:19 GMT
2018-06-12 14:21:19 DEBUG headers:265 - << Content-Type: application/json; charset=utf-8
2018-06-12 14:21:19 DEBUG headers:265 - << Transfer-Encoding: chunked
2018-06-12 14:21:19 DEBUG headers:265 - << Connection: keep-alive
2018-06-12 14:21:19 DEBUG headers:265 - << Set-Cookie: __cfduid=d5a74157d28f095b4b238f2801e4a8f7d1528802478; expires=Wed, 12-Jun-19 11:21:18 GMT; path=/; domain=.reqres.in; HttpOnly
2018-06-12 14:21:19 DEBUG headers:265 - << X-Powered-By: Express
2018-06-12 14:21:19 DEBUG headers:265 - << Access-Control-Allow-Origin: *
2018-06-12 14:21:19 DEBUG headers:265 - << ETag: W/"50-xvucy8mXOrxsnlepQ12gWbYCbxc"
2018-06-12 14:21:19 DEBUG headers:265 - << Expect-CT: max-age=604800, report-uri="https://report-uri.cloudflare.com/cdn-cgi/beacon/expect-ct"
2018-06-12 14:21:19 DEBUG headers:265 - << Server: cloudflare
2018-06-12 14:21:19 DEBUG headers:265 - << CF-RAY: 429beee58e005b7b-HEL
2018-06-12 14:21:19 DEBUG headers:265 - << Content-Encoding: gzip
2018-06-12 14:21:19 DEBUG DefaultHttpClient:509 - Connection can be kept alive indefinitely
2018-06-12 14:21:19 DEBUG RequestSpecificationImpl$RestAssuredHttpBuilder:544 - Parsing response as: application/json; charset=utf-8
2018-06-12 14:21:19 DEBUG wire:73 -  << "69[\r][\n]"
2018-06-12 14:21:19 DEBUG wire:73 -  << "[0x1f][0x8b][0x8][0x0][0x0][0x0][0x0][0x0][0x0][0x3][0x4][0xc1]A[\n]"
2018-06-12 14:21:19 DEBUG wire:87 -  << "[0x80] [0x10][0x5][0xd0][0xab][0xc4]_g8[0x6][0x16][0xb3][0xeb][0xe][0xad][0xda][0x19][0xe]d[0xa0]F[0xea][0xa6][0xe8][0xee][0xbd][0xf7]"[0xb9](`[0xc4]|_[0x87][0xb4][0x82][0x1e]g[0xde][0xc1]xBN[0xdd]-%xI[0x15]=[0xda][0xe5]][0x15][0xbf]T0[0x8c][0xa6]Yi[0xab][0xc8][0xac]Dl[0xc][0xd3]4[0xe8][0xd1]n[0xf8]~[0x0][0x0][0x0][0xff][0xff][0x3][0x0][0xce][0xcc]wkP[0x0][0x0][0x0]"
2018-06-12 14:21:19 DEBUG wire:73 -  << "[\r][\n]"
2018-06-12 14:21:19 DEBUG wire:73 -  << "0[\r][\n]"
2018-06-12 14:21:19 DEBUG wire:73 -  << "[\r][\n]"
2018-06-12 14:21:19 DEBUG RequestSpecificationImpl$RestAssuredHttpBuilder:547 - Parsed data to instance of: class org.apache.http.conn.EofSensorInputStream
2018-06-12 14:21:19 DEBUG REST_Calls:38 - io.restassured.internal.RequestSpecificationImpl@411341bd
2018-06-12 14:21:19 DEBUG BasicClientConnectionManager:200 - Releasing connection org.apache.http.impl.conn.ManagedClientConnectionImpl@72efb5c1
2018-06-12 14:21:19 DEBUG BasicClientConnectionManager:225 - Connection can be kept alive indefinitely
2018-06-12 14:21:19 INFO  Update:45 - *** RESPONSE *** {"name":"morpheus","job":"zion resident","updatedAt":"2018-06-12T11:22:17.036Z"}
2018-06-12 14:21:19 INFO  Test_Utils:15 - *** RESPONSE PARSED TO STRING ***
2018-06-12 14:21:19 DEBUG Test_Utils:17 - *** RESPONSE ***{"name":"morpheus","job":"zion resident","updatedAt":"2018-06-12T11:22:17.036Z"}
2018-06-12 14:21:19 INFO  Update:43 - *** SAVING RESPONSE ***
2018-06-12 14:21:19 INFO  Test_Utils:36 - *** GETTING RESPONSE STATUS CODE ***
2018-06-12 14:21:19 INFO  Test_Utils:38 - *** RESPONSE STATUS CODE *** 200
2018-06-12 14:21:19 INFO  Update:15 - *** FIELD ASSERTED *** name.value
2018-06-12 14:21:19 INFO  Update:15 - *** FIELD ASSERTED *** job.value
2018-06-12 14:21:19 DEBUG cache:45 - Couldn't find template in cache for "Extent.ftl"("en_US", UTF-8, parsed); will try to load it.
2018-06-12 14:21:19 DEBUG cache:45 - TemplateLoader.findTemplateSource("Extent_en_US.ftl"): Not found
2018-06-12 14:21:19 DEBUG cache:45 - TemplateLoader.findTemplateSource("Extent_en.ftl"): Not found
2018-06-12 14:21:19 DEBUG cache:45 - TemplateLoader.findTemplateSource("Extent.ftl"): Found
2018-06-12 14:21:19 DEBUG cache:45 - Loading template for "Extent.ftl"("en_US", UTF-8, parsed) from "jar:file:/C:/Users/petri.ryynanen/.m2/repository/com/relevantcodes/extentreports/2.41.2/extentreports-2.41.2.jar!/com/relevantcodes/extentreports/view/Extent.ftl"
